2021-06-27 12:31:57.881 -04:00 [INF] Starting Web Host
2021-06-27 12:31:58.750 -04:00 [INF] Now listening on: https://localhost:5001
2021-06-27 12:31:58.753 -04:00 [INF] Now listening on: http://localhost:5000
2021-06-27 12:31:58.754 -04:00 [INF] Application started. Press Ctrl+C to shut down.
2021-06-27 12:31:58.755 -04:00 [INF] Hosting environment: Development
2021-06-27 12:31:58.756 -04:00 [INF] Content root path: C:\Users\toddb\source\repos\testmvc
2021-06-27 12:31:59.556 -04:00 [INF] OnGet started!!
2021-06-27 12:32:03.773 -04:00 [INF] FirstSubmit Triggered!!
2021-06-27 12:32:04.667 -04:00 [INF] SecondSubmit Triggered!!
2021-06-27 12:32:04.675 -04:00 [INF] OnGet started!!
2021-06-27 12:33:51.965 -04:00 [INF] Starting Web Host
2021-06-27 12:33:52.766 -04:00 [INF] Now listening on: https://localhost:5001
2021-06-27 12:33:52.770 -04:00 [INF] Now listening on: http://localhost:5000
2021-06-27 12:33:52.770 -04:00 [INF] Application started. Press Ctrl+C to shut down.
2021-06-27 12:33:52.771 -04:00 [INF] Hosting environment: Development
2021-06-27 12:33:52.771 -04:00 [INF] Content root path: C:\Users\toddb\source\repos\testmvc
2021-06-27 12:33:53.697 -04:00 [INF] OnGet started!!
2021-06-27 12:34:01.622 -04:00 [INF] Application is shutting down...
2021-06-27 12:34:13.467 -04:00 [INF] Starting Web Host
2021-06-27 12:34:14.247 -04:00 [INF] Now listening on: https://localhost:5001
2021-06-27 12:34:14.249 -04:00 [INF] Now listening on: http://localhost:5000
2021-06-27 12:34:14.250 -04:00 [INF] Application started. Press Ctrl+C to shut down.
2021-06-27 12:34:14.251 -04:00 [INF] Hosting environment: Development
2021-06-27 12:34:14.251 -04:00 [INF] Content root path: C:\Users\toddb\source\repos\testmvc
2021-06-27 12:34:15.350 -04:00 [INF] OnGet started!!
2021-06-27 12:34:16.607 -04:00 [INF] Application is shutting down...
2021-06-27 12:34:56.518 -04:00 [INF] Starting Web Host
2021-06-27 12:34:57.415 -04:00 [INF] Now listening on: https://localhost:5001
2021-06-27 12:34:57.418 -04:00 [INF] Now listening on: http://localhost:5000
2021-06-27 12:34:57.418 -04:00 [INF] Application started. Press Ctrl+C to shut down.
2021-06-27 12:34:57.419 -04:00 [INF] Hosting environment: Development
2021-06-27 12:34:57.419 -04:00 [INF] Content root path: C:\Users\toddb\source\repos\testmvc
2021-06-27 12:34:58.191 -04:00 [INF] OnGet started!!
2021-06-27 12:34:59.399 -04:00 [INF] Application is shutting down...
2021-06-27 12:37:59.774 -04:00 [INF] Starting Web Host
2021-06-27 12:38:00.720 -04:00 [INF] Now listening on: https://localhost:5001
2021-06-27 12:38:00.728 -04:00 [INF] Now listening on: http://localhost:5000
2021-06-27 12:38:00.729 -04:00 [INF] Application started. Press Ctrl+C to shut down.
2021-06-27 12:38:00.730 -04:00 [INF] Hosting environment: Development
2021-06-27 12:38:00.730 -04:00 [INF] Content root path: C:\Users\toddb\source\repos\testmvc
2021-06-27 12:38:01.295 -04:00 [INF] OnGet started!!
2021-06-27 12:38:05.229 -04:00 [INF] FirstSubmit Triggered!!
2021-06-27 12:38:06.027 -04:00 [INF] SecondSubmit Triggered!!
2021-06-27 12:38:06.031 -04:00 [INF] OnGet started!!
2021-06-27 12:38:07.990 -04:00 [INF] Application is shutting down...
2021-06-27 12:39:10.026 -04:00 [INF] Starting Web Host
2021-06-27 12:39:10.797 -04:00 [INF] Now listening on: https://localhost:5001
2021-06-27 12:39:10.800 -04:00 [INF] Now listening on: http://localhost:5000
2021-06-27 12:39:10.801 -04:00 [INF] Application started. Press Ctrl+C to shut down.
2021-06-27 12:39:10.802 -04:00 [INF] Hosting environment: Development
2021-06-27 12:39:10.802 -04:00 [INF] Content root path: C:\Users\toddb\source\repos\testmvc
2021-06-27 12:39:11.726 -04:00 [INF] OnGet started!!
2021-06-27 12:39:12.942 -04:00 [INF] Application is shutting down...
2021-06-27 12:46:14.555 -04:00 [INF] Starting Web Host
2021-06-27 12:46:15.446 -04:00 [INF] Now listening on: https://localhost:5001
2021-06-27 12:46:15.449 -04:00 [INF] Now listening on: http://localhost:5000
2021-06-27 12:46:15.450 -04:00 [INF] Application started. Press Ctrl+C to shut down.
2021-06-27 12:46:15.451 -04:00 [INF] Hosting environment: Development
2021-06-27 12:46:15.451 -04:00 [INF] Content root path: C:\Users\toddb\source\repos\testmvc
2021-06-27 12:46:16.223 -04:00 [INF] OnGet started!!
2021-06-27 12:46:21.758 -04:00 [INF] Application is shutting down...
2021-06-27 12:47:52.013 -04:00 [INF] Starting Web Host
2021-06-27 12:47:52.880 -04:00 [INF] Now listening on: https://localhost:5001
2021-06-27 12:47:52.882 -04:00 [INF] Now listening on: http://localhost:5000
2021-06-27 12:47:52.883 -04:00 [INF] Application started. Press Ctrl+C to shut down.
2021-06-27 12:47:52.884 -04:00 [INF] Hosting environment: Development
2021-06-27 12:47:52.884 -04:00 [INF] Content root path: C:\Users\toddb\source\repos\testmvc
2021-06-27 12:47:53.635 -04:00 [INF] OnGet started!!
2021-06-27 12:47:55.173 -04:00 [INF] Application is shutting down...
2021-06-27 12:49:56.934 -04:00 [INF] Starting Web Host
2021-06-27 12:49:57.637 -04:00 [INF] Now listening on: https://localhost:5001
2021-06-27 12:49:57.640 -04:00 [INF] Now listening on: http://localhost:5000
2021-06-27 12:49:57.641 -04:00 [INF] Application started. Press Ctrl+C to shut down.
2021-06-27 12:49:57.641 -04:00 [INF] Hosting environment: Development
2021-06-27 12:49:57.642 -04:00 [INF] Content root path: C:\Users\toddb\source\repos\testmvc
2021-06-27 12:49:58.379 -04:00 [INF] OnGet started!!
2021-06-27 12:50:02.462 -04:00 [INF] Application is shutting down...
2021-06-27 12:50:30.107 -04:00 [INF] Starting Web Host
2021-06-27 12:50:30.835 -04:00 [INF] Now listening on: https://localhost:5001
2021-06-27 12:50:30.838 -04:00 [INF] Now listening on: http://localhost:5000
2021-06-27 12:50:30.838 -04:00 [INF] Application started. Press Ctrl+C to shut down.
2021-06-27 12:50:30.839 -04:00 [INF] Hosting environment: Development
2021-06-27 12:50:30.839 -04:00 [INF] Content root path: C:\Users\toddb\source\repos\testmvc
2021-06-27 12:50:31.463 -04:00 [INF] OnGet started!!
2021-06-27 12:50:34.356 -04:00 [INF] FirstSubmit Triggered!!
2021-06-27 12:50:35.258 -04:00 [INF] SecondSubmit Triggered!!
2021-06-27 12:50:35.262 -04:00 [INF] OnGet started!!
2021-06-27 12:52:05.343 -04:00 [INF] Starting Web Host
2021-06-27 12:52:06.309 -04:00 [INF] Now listening on: https://localhost:5001
2021-06-27 12:52:06.312 -04:00 [INF] Now listening on: http://localhost:5000
2021-06-27 12:52:06.313 -04:00 [INF] Application started. Press Ctrl+C to shut down.
2021-06-27 12:52:06.313 -04:00 [INF] Hosting environment: Development
2021-06-27 12:52:06.314 -04:00 [INF] Content root path: C:\Users\toddb\source\repos\testmvc
2021-06-27 12:52:06.981 -04:00 [INF] OnGet started!!
2021-06-27 12:52:08.478 -04:00 [INF] Application is shutting down...
2021-06-27 12:53:32.561 -04:00 [INF] Starting Web Host
2021-06-27 12:53:33.364 -04:00 [INF] Now listening on: https://localhost:5001
2021-06-27 12:53:33.367 -04:00 [INF] Now listening on: http://localhost:5000
2021-06-27 12:53:33.368 -04:00 [INF] Application started. Press Ctrl+C to shut down.
2021-06-27 12:53:33.368 -04:00 [INF] Hosting environment: Development
2021-06-27 12:53:33.369 -04:00 [INF] Content root path: C:\Users\toddb\source\repos\testmvc
2021-06-27 12:53:34.402 -04:00 [INF] OnGet started!!
2021-06-27 12:53:36.422 -04:00 [INF] Application is shutting down...
